2025-06-22 19:26:43 - train_tcr_pep - INFO - 从configs/default_config.yaml加载配置...
2025-06-22 19:26:43 - train_tcr_pep - INFO - 使用设备: cpu
2025-06-22 19:26:43 - train_tcr_pep - INFO - 加载训练数据...
2025-06-22 19:27:19 - train_tcr_pep - INFO - 从configs/default_config.yaml加载配置...
2025-06-22 19:27:19 - train_tcr_pep - INFO - 使用设备: cpu
2025-06-22 19:27:19 - train_tcr_pep - INFO - 加载训练数据...
2025-06-22 19:27:19 - train_tcr_pep - INFO - 训练数据大小: (4, 3)
2025-06-22 19:27:19 - train_tcr_pep - INFO - 加载验证数据...
2025-06-22 19:27:19 - train_tcr_pep - INFO - 验证数据大小: (2, 3)
2025-06-22 19:27:19 - train_tcr_pep - INFO - 加载测试数据...
2025-06-22 19:27:19 - train_tcr_pep - INFO - 测试数据大小: (2, 3)
2025-06-22 19:27:19 - train_tcr_pep - INFO - 创建数据集...
2025-06-22 19:27:19 - train_tcr_pep - INFO - 创建数据加载器...
2025-06-22 19:27:19 - train_tcr_pep - INFO - 创建模型...
2025-06-22 19:28:39 - train_tcr_pep - INFO - 从configs/default_config.yaml加载配置...
2025-06-22 19:28:39 - train_tcr_pep - INFO - 使用设备: cpu
2025-06-22 19:28:39 - train_tcr_pep - INFO - 加载训练数据...
2025-06-22 19:28:39 - train_tcr_pep - INFO - 训练数据大小: (4, 3)
2025-06-22 19:28:39 - train_tcr_pep - INFO - 加载验证数据...
2025-06-22 19:28:39 - train_tcr_pep - INFO - 验证数据大小: (2, 3)
2025-06-22 19:28:39 - train_tcr_pep - INFO - 加载测试数据...
2025-06-22 19:28:39 - train_tcr_pep - INFO - 测试数据大小: (2, 3)
2025-06-22 19:28:39 - train_tcr_pep - INFO - 创建数据集...
2025-06-22 19:28:39 - train_tcr_pep - INFO - 创建数据加载器...
2025-06-22 19:28:39 - train_tcr_pep - INFO - 创建模型...
2025-06-22 19:28:40 - train_tcr_pep - INFO - 开始训练...
2025-06-22 19:34:43 - train_tcr_pep - INFO - 从configs/default_config.yaml加载配置...
2025-06-22 19:34:43 - train_tcr_pep - INFO - 使用设备: cpu
2025-06-22 19:34:43 - train_tcr_pep - INFO - 加载训练数据...
2025-06-22 19:34:43 - train_tcr_pep - INFO - 训练数据大小: (4, 3)
2025-06-22 19:34:43 - train_tcr_pep - INFO - 加载验证数据...
2025-06-22 19:34:43 - train_tcr_pep - INFO - 验证数据大小: (2, 3)
2025-06-22 19:34:43 - train_tcr_pep - INFO - 加载测试数据...
2025-06-22 19:34:43 - train_tcr_pep - INFO - 测试数据大小: (2, 3)
2025-06-22 19:34:43 - train_tcr_pep - INFO - 创建数据集...
2025-06-22 19:34:43 - train_tcr_pep - INFO - 创建数据加载器...
2025-06-22 19:34:43 - train_tcr_pep - INFO - 创建模型...
2025-06-22 19:34:44 - train_tcr_pep - INFO - 开始训练...
2025-06-22 19:37:41 - train_tcr_pep - INFO - 从configs/default_config.yaml加载配置...
2025-06-22 19:37:41 - train_tcr_pep - INFO - 使用设备: cpu
2025-06-22 19:37:41 - train_tcr_pep - INFO - 加载训练数据...
2025-06-22 19:37:41 - train_tcr_pep - INFO - 训练数据大小: (4, 3)
2025-06-22 19:37:41 - train_tcr_pep - INFO - 加载验证数据...
2025-06-22 19:37:41 - train_tcr_pep - INFO - 验证数据大小: (2, 3)
2025-06-22 19:37:41 - train_tcr_pep - INFO - 加载测试数据...
2025-06-22 19:37:41 - train_tcr_pep - INFO - 测试数据大小: (2, 3)
2025-06-22 19:37:41 - train_tcr_pep - INFO - 创建数据集...
2025-06-22 19:37:41 - train_tcr_pep - INFO - 创建数据加载器...
2025-06-22 19:37:41 - train_tcr_pep - INFO - 创建模型...
2025-06-22 19:37:41 - train_tcr_pep - INFO - 开始训练...
2025-06-22 19:38:16 - train_tcr_pep - INFO - 从configs/default_config.yaml加载配置...
2025-06-22 19:38:16 - train_tcr_pep - INFO - 使用设备: cpu
2025-06-22 19:38:16 - train_tcr_pep - INFO - 加载训练数据...
2025-06-22 19:38:16 - train_tcr_pep - INFO - 训练数据大小: (4, 3)
2025-06-22 19:38:16 - train_tcr_pep - INFO - 加载验证数据...
2025-06-22 19:38:16 - train_tcr_pep - INFO - 验证数据大小: (2, 3)
2025-06-22 19:38:16 - train_tcr_pep - INFO - 加载测试数据...
2025-06-22 19:38:16 - train_tcr_pep - INFO - 测试数据大小: (2, 3)
2025-06-22 19:38:16 - train_tcr_pep - INFO - 创建数据集...
2025-06-22 19:38:16 - train_tcr_pep - INFO - 创建数据加载器...
2025-06-22 19:38:16 - train_tcr_pep - INFO - 创建模型...
2025-06-22 19:38:17 - train_tcr_pep - INFO - 开始训练...
2025-06-22 19:39:25 - train_tcr_pep - INFO - 从configs/default_config.yaml加载配置...
2025-06-22 19:39:25 - train_tcr_pep - INFO - 使用设备: cpu
2025-06-22 19:39:25 - train_tcr_pep - INFO - 加载训练数据...
2025-06-22 19:39:25 - train_tcr_pep - INFO - 训练数据大小: (4, 3)
2025-06-22 19:39:25 - train_tcr_pep - INFO - 加载验证数据...
2025-06-22 19:39:25 - train_tcr_pep - INFO - 验证数据大小: (2, 3)
2025-06-22 19:39:25 - train_tcr_pep - INFO - 加载测试数据...
2025-06-22 19:39:25 - train_tcr_pep - INFO - 测试数据大小: (2, 3)
2025-06-22 19:39:25 - train_tcr_pep - INFO - 创建数据集...
2025-06-22 19:39:25 - train_tcr_pep - INFO - 创建数据加载器...
2025-06-22 19:39:25 - train_tcr_pep - INFO - 创建模型...
2025-06-22 19:39:26 - train_tcr_pep - INFO - 开始训练...
2025-06-22 19:39:35 - train_tcr_pep - INFO - Epoch 1/200 - Train Loss: 0.7174, Train F1: 0.6667, Val Loss: 0.8058, Val F1: 0.0000, Threshold: 0.3479
2025-06-22 19:39:44 - train_tcr_pep - INFO - Epoch 2/200 - Train Loss: 0.6484, Train F1: 0.0000, Val Loss: 0.7955, Val F1: 0.6667, Threshold: 0.6239
2025-06-22 19:39:44 - train_tcr_pep - INFO - 发现更好的模型，F1: 0.6667, 阈值: 0.6239
2025-06-22 19:39:55 - train_tcr_pep - INFO - Epoch 3/200 - Train Loss: 0.7134, Train F1: 0.6667, Val Loss: 0.9169, Val F1: 0.0000, Threshold: 0.2621
2025-06-22 19:40:05 - train_tcr_pep - INFO - Epoch 4/200 - Train Loss: 0.6822, Train F1: 0.0000, Val Loss: 0.9576, Val F1: 0.0000, Threshold: 0.2655
2025-06-22 19:40:15 - train_tcr_pep - INFO - Epoch 5/200 - Train Loss: 0.5806, Train F1: 0.0000, Val Loss: 0.9502, Val F1: 0.0000, Threshold: 0.4599
2025-06-22 19:40:25 - train_tcr_pep - INFO - Epoch 6/200 - Train Loss: 0.6005, Train F1: 0.8000, Val Loss: 1.1934, Val F1: 0.0000, Threshold: 0.2789
2025-06-22 19:40:34 - train_tcr_pep - INFO - Epoch 7/200 - Train Loss: 0.4389, Train F1: 1.0000, Val Loss: 1.6261, Val F1: 0.0000, Threshold: 0.0692
2025-06-22 19:40:44 - train_tcr_pep - INFO - Epoch 8/200 - Train Loss: 0.3808, Train F1: 0.6667, Val Loss: 2.1472, Val F1: 0.0000, Threshold: 0.0451
2025-06-22 19:40:53 - train_tcr_pep - INFO - Epoch 9/200 - Train Loss: 0.1452, Train F1: 1.0000, Val Loss: 2.9489, Val F1: 0.0000, Threshold: 0.0218
2025-06-22 19:41:03 - train_tcr_pep - INFO - Epoch 10/200 - Train Loss: 0.0581, Train F1: 1.0000, Val Loss: 3.8397, Val F1: 0.0000, Threshold: 0.0096
2025-06-22 19:41:13 - train_tcr_pep - INFO - Epoch 11/200 - Train Loss: 0.0275, Train F1: 1.0000, Val Loss: 4.7360, Val F1: 0.0000, Threshold: 0.0037
2025-06-22 19:41:22 - train_tcr_pep - INFO - Epoch 12/200 - Train Loss: 0.0143, Train F1: 1.0000, Val Loss: 5.6306, Val F1: 0.0000, Threshold: 0.0014
2025-06-22 19:41:32 - train_tcr_pep - INFO - Epoch 13/200 - Train Loss: 0.0062, Train F1: 1.0000, Val Loss: 6.5010, Val F1: 0.0000, Threshold: 0.0005
2025-06-22 19:41:42 - train_tcr_pep - INFO - Epoch 14/200 - Train Loss: 0.0022, Train F1: 1.0000, Val Loss: 6.9092, Val F1: 0.0000, Threshold: 0.0003
2025-06-22 19:41:52 - train_tcr_pep - INFO - Epoch 15/200 - Train Loss: 0.0018, Train F1: 1.0000, Val Loss: 7.2960, Val F1: 0.0000, Threshold: 0.0002
2025-06-22 19:42:02 - train_tcr_pep - INFO - Epoch 16/200 - Train Loss: 0.0012, Train F1: 1.0000, Val Loss: 7.6574, Val F1: 0.0000, Threshold: 0.0001
2025-06-22 19:42:13 - train_tcr_pep - INFO - Epoch 17/200 - Train Loss: 0.0006, Train F1: 1.0000, Val Loss: 7.9932, Val F1: 0.0000, Threshold: 0.0001
2025-06-22 19:42:23 - train_tcr_pep - INFO - Epoch 18/200 - Train Loss: 0.0004, Train F1: 1.0000, Val Loss: 8.3028, Val F1: 0.0000, Threshold: 0.0001
2025-06-22 19:42:34 - train_tcr_pep - INFO - Epoch 19/200 - Train Loss: 0.0005, Train F1: 1.0000, Val Loss: 8.5899, Val F1: 0.0000, Threshold: 0.0000
2025-06-22 19:42:44 - train_tcr_pep - INFO - Epoch 20/200 - Train Loss: 0.0003, Train F1: 1.0000, Val Loss: 8.8534, Val F1: 0.0000, Threshold: 0.0000
2025-06-22 19:42:54 - train_tcr_pep - INFO - Epoch 21/200 - Train Loss: 0.0003, Train F1: 1.0000, Val Loss: 9.0965, Val F1: 0.0000, Threshold: 0.0000
2025-06-22 19:43:04 - train_tcr_pep - INFO - Epoch 22/200 - Train Loss: 0.0002, Train F1: 1.0000, Val Loss: 9.3196, Val F1: 0.0000, Threshold: 0.0000
2025-06-22 19:43:04 - train_tcr_pep - INFO - 早停触发，最佳轮次: 1
2025-06-22 19:43:04 - train_tcr_pep - INFO - 加载最佳模型...
2025-06-22 19:43:04 - train_tcr_pep - INFO - 在测试集上评估，使用阈值: 0.6239...
2025-06-22 19:43:09 - train_tcr_pep - INFO - 保存最终模型到models\tcr_pep_final.pt...
2025-06-22 19:43:09 - train_tcr_pep - INFO - 训练完成!
2025-06-22 20:02:57 - train_tcr_pep - INFO - 从configs/default_config.yaml加载配置...
2025-06-22 20:02:57 - train_tcr_pep - INFO - 使用设备: cpu
2025-06-22 20:02:57 - train_tcr_pep - INFO - 加载训练数据...
2025-06-22 20:02:57 - train_tcr_pep - INFO - 训练数据大小: (4, 3)
2025-06-22 20:02:57 - train_tcr_pep - INFO - 加载验证数据...
2025-06-22 20:02:57 - train_tcr_pep - INFO - 验证数据大小: (2, 3)
2025-06-22 20:02:57 - train_tcr_pep - INFO - 加载测试数据...
2025-06-22 20:02:57 - train_tcr_pep - INFO - 测试数据大小: (2, 3)
2025-06-22 20:02:57 - train_tcr_pep - INFO - 创建数据集...
2025-06-22 20:02:57 - train_tcr_pep - INFO - 创建数据加载器...
2025-06-22 20:02:57 - train_tcr_pep - INFO - 创建模型...
2025-06-22 20:02:58 - train_tcr_pep - INFO - 开始训练...
2025-06-22 20:03:08 - train_tcr_pep - INFO - Epoch 1/200 - Train Loss: 0.7121, Train F1: 0.6667, Val Loss: 0.7659, Val F1: 0.0000, Threshold: 0.3838
2025-06-22 20:03:18 - train_tcr_pep - INFO - Epoch 2/200 - Train Loss: 0.6222, Train F1: 0.0000, Val Loss: 0.7578, Val F1: 0.6667, Threshold: 0.5940
2025-06-22 20:03:18 - train_tcr_pep - INFO - 发现更好的模型，F1: 0.6667, 阈值: 0.5940
2025-06-22 20:03:29 - train_tcr_pep - INFO - Epoch 3/200 - Train Loss: 0.6375, Train F1: 0.6667, Val Loss: 1.0924, Val F1: 0.0000, Threshold: 0.1619
2025-06-22 20:03:39 - train_tcr_pep - INFO - Epoch 4/200 - Train Loss: 0.6183, Train F1: 0.0000, Val Loss: 1.0187, Val F1: 0.0000, Threshold: 0.2514
2025-06-22 20:03:50 - train_tcr_pep - INFO - Epoch 5/200 - Train Loss: 0.4228, Train F1: 1.0000, Val Loss: 1.0866, Val F1: 0.0000, Threshold: 0.3875
2025-06-22 20:04:00 - train_tcr_pep - INFO - Epoch 6/200 - Train Loss: 0.4943, Train F1: 0.8000, Val Loss: 1.5387, Val F1: 0.0000, Threshold: 0.1039
2025-06-22 20:04:10 - train_tcr_pep - INFO - Epoch 7/200 - Train Loss: 0.2692, Train F1: 1.0000, Val Loss: 2.2219, Val F1: 0.0000, Threshold: 0.0175
2025-06-22 20:04:19 - train_tcr_pep - INFO - Epoch 8/200 - Train Loss: 0.3180, Train F1: 0.6667, Val Loss: 2.3510, Val F1: 0.0000, Threshold: 0.0140
2025-06-22 20:04:29 - train_tcr_pep - INFO - Epoch 9/200 - Train Loss: 0.1503, Train F1: 1.0000, Val Loss: 2.1394, Val F1: 0.0000, Threshold: 0.0283
2025-06-22 20:04:38 - train_tcr_pep - INFO - Epoch 10/200 - Train Loss: 0.1028, Train F1: 1.0000, Val Loss: 2.2557, Val F1: 0.0000, Threshold: 0.0208
2025-06-22 20:04:48 - train_tcr_pep - INFO - Epoch 11/200 - Train Loss: 0.0935, Train F1: 1.0000, Val Loss: 3.0686, Val F1: 0.0000, Threshold: 0.0027
2025-06-22 20:04:57 - train_tcr_pep - INFO - Epoch 12/200 - Train Loss: 0.0292, Train F1: 1.0000, Val Loss: 3.5555, Val F1: 0.0000, Threshold: 0.0009
2025-06-22 20:05:07 - train_tcr_pep - INFO - Epoch 13/200 - Train Loss: 0.0264, Train F1: 1.0000, Val Loss: 3.8268, Val F1: 0.0000, Threshold: 0.0005
2025-06-22 20:05:17 - train_tcr_pep - INFO - Epoch 14/200 - Train Loss: 0.0184, Train F1: 1.0000, Val Loss: 3.9305, Val F1: 0.0000, Threshold: 0.0004
2025-06-22 20:05:27 - train_tcr_pep - INFO - Epoch 15/200 - Train Loss: 0.0111, Train F1: 1.0000, Val Loss: 4.0174, Val F1: 0.0000, Threshold: 0.0003
2025-06-22 20:05:37 - train_tcr_pep - INFO - Epoch 16/200 - Train Loss: 0.0154, Train F1: 1.0000, Val Loss: 4.0906, Val F1: 0.0000, Threshold: 0.0003
2025-06-22 20:05:47 - train_tcr_pep - INFO - Epoch 17/200 - Train Loss: 0.0080, Train F1: 1.0000, Val Loss: 4.1564, Val F1: 0.0000, Threshold: 0.0003
2025-06-22 20:05:57 - train_tcr_pep - INFO - Epoch 18/200 - Train Loss: 0.0080, Train F1: 1.0000, Val Loss: 4.2139, Val F1: 0.0000, Threshold: 0.0002
2025-06-22 20:06:08 - train_tcr_pep - INFO - Epoch 19/200 - Train Loss: 0.0045, Train F1: 1.0000, Val Loss: 4.2656, Val F1: 0.0000, Threshold: 0.0002
2025-06-22 20:06:18 - train_tcr_pep - INFO - Epoch 20/200 - Train Loss: 0.0046, Train F1: 1.0000, Val Loss: 4.3122, Val F1: 0.0000, Threshold: 0.0002
2025-06-22 20:06:28 - train_tcr_pep - INFO - Epoch 21/200 - Train Loss: 0.0035, Train F1: 1.0000, Val Loss: 4.3560, Val F1: 0.0000, Threshold: 0.0002
2025-06-22 20:06:38 - train_tcr_pep - INFO - Epoch 22/200 - Train Loss: 0.0018, Train F1: 1.0000, Val Loss: 4.3969, Val F1: 0.0000, Threshold: 0.0002
2025-06-22 20:06:38 - train_tcr_pep - INFO - 早停触发，最佳轮次: 1
2025-06-22 20:06:38 - train_tcr_pep - INFO - 加载最佳模型...
2025-06-22 20:06:38 - train_tcr_pep - INFO - 在测试集上评估，使用阈值: 0.5940...
2025-06-22 20:06:43 - train_tcr_pep - INFO - 保存最终模型到models\tcr_pep_final.pt...
2025-06-22 20:06:43 - train_tcr_pep - INFO - 训练完成!
