2025-06-02 23:14:24 - data_processor - INFO - 使用默认配置...
2025-06-02 23:14:24 - data_processor - INFO - 从tcr_hla_pep_predictor/data/raw加载原始数据...
2025-06-02 23:14:24 - data_processor - INFO - 加载训练数据...
2025-06-02 23:14:25 - data_processor - INFO - 训练数据大小: (284144, 6)
2025-06-02 23:14:25 - data_processor - INFO - 加载验证数据...
2025-06-02 23:14:25 - data_processor - INFO - 验证数据大小: (71036, 6)
2025-06-02 23:14:25 - data_processor - INFO - 加载测试数据...
2025-06-02 23:14:25 - data_processor - INFO - 测试数据大小: (2828, 8)
2025-06-02 23:14:25 - data_processor - INFO - 加载HLA序列数据...
2025-06-02 23:14:25 - data_processor - INFO - HLA序列数据大小: (10414, 2)
2025-06-02 23:14:25 - data_processor - INFO - 处理数据并保存到tcr_hla_pep_predictor/data/processed...
2025-06-02 23:14:25 - data_processor - INFO - 合并HLA序列信息...
2025-06-22 19:34:30 - data_processor - INFO - 使用默认配置...
2025-06-22 19:34:30 - data_processor - INFO - 开始预处理trimer数据...
2025-06-22 19:34:30 - data_processor - INFO - 加载阳性数据: 1个文件
2025-06-22 19:34:30 - data_processor - INFO - 阳性数据大小: (5, 4)
2025-06-22 19:34:30 - data_processor - INFO - 加载阴性数据: 1个文件
2025-06-22 19:34:30 - data_processor - INFO - 阴性数据大小: (5, 4)
2025-06-22 19:34:30 - data_processor - INFO - 检查阳性数据格式...
2025-06-22 19:34:30 - data_processor - WARNING - 行5的肽段序列格式无效: YLQPRTFLL 
2025-06-22 19:34:30 - data_processor - INFO - 阳性数据中发现1行格式错误
2025-06-22 19:34:30 - data_processor - INFO - 检查阴性数据格式...
2025-06-22 19:34:30 - data_processor - WARNING - 行5的肽段序列格式无效: YLQPRTFLL 
2025-06-22 19:34:30 - data_processor - INFO - 阴性数据中发现1行格式错误
2025-06-22 19:34:30 - data_processor - WARNING - 阴性样本数量(4)少于目标数量(4)
2025-06-22 19:34:30 - data_processor - INFO - 合并后的数据大小: (8, 4)
2025-06-22 19:34:30 - data_processor - INFO - 加载HLA序列数据: test_data/trimer\hla_sequences.csv
2025-06-22 19:34:30 - data_processor - INFO - 处理简化的三元模型数据...
2025-06-22 19:34:30 - data_processor - INFO - 保存Trimer数据...
2025-06-22 19:34:30 - data_processor - INFO - 合并HLA序列信息...
2025-06-22 19:34:30 - data_processor - INFO - 保存HLA序列数据...
2025-06-22 19:34:30 - data_processor - INFO - 
数据统计信息:
2025-06-22 19:34:30 - data_processor - INFO - TCR-HLA-Pep训练集: 4样本，正例比例: 0.5000
2025-06-22 19:34:30 - data_processor - INFO - TCR-HLA-Pep验证集: 2样本，正例比例: 0.5000
2025-06-22 19:34:30 - data_processor - INFO - TCR-HLA-Pep测试集: 2样本，正例比例: 0.5000
2025-06-22 19:34:30 - data_processor - INFO - 数据处理完成！
2025-06-22 20:02:27 - data_processor - INFO - 使用默认配置...
2025-06-22 20:02:27 - data_processor - INFO - 开始预处理tcr_pep数据...
2025-06-22 20:02:27 - data_processor - INFO - 加载阳性数据: 1个文件
2025-06-22 20:02:27 - data_processor - INFO - 阳性数据大小: (5, 3)
2025-06-22 20:02:27 - data_processor - INFO - 加载阴性数据: 1个文件
2025-06-22 20:02:27 - data_processor - INFO - 阴性数据大小: (10, 3)
2025-06-22 20:02:27 - data_processor - INFO - 检查阳性数据格式...
2025-06-22 20:02:27 - data_processor - WARNING - 行5的肽段序列格式无效: YLQPRTFLL 
2025-06-22 20:02:27 - data_processor - INFO - 阳性数据中发现1行格式错误
2025-06-22 20:02:27 - data_processor - INFO - 检查阴性数据格式...
2025-06-22 20:02:27 - data_processor - WARNING - 行10的肽段序列格式无效: KLVALGINAV 
2025-06-22 20:02:27 - data_processor - INFO - 阴性数据中发现1行格式错误
2025-06-22 20:02:27 - data_processor - INFO - 调整阴性样本数量: 从9减少到4 (比例: 1.0)
2025-06-22 20:02:27 - data_processor - INFO - 合并后的数据大小: (8, 3)
2025-06-22 20:02:27 - data_processor - INFO - 处理训练数据...
2025-06-22 20:02:27 - data_processor - INFO - 删除缺失值后，train数据集从4行减少到4行
2025-06-22 20:02:27 - data_processor - INFO - 过滤序列长度后，train数据集从4行减少到4行
2025-06-22 20:02:27 - data_processor - INFO - 处理验证数据...
2025-06-22 20:02:27 - data_processor - INFO - 删除缺失值后，val数据集从2行减少到2行
2025-06-22 20:02:27 - data_processor - INFO - 过滤序列长度后，val数据集从2行减少到2行
2025-06-22 20:02:27 - data_processor - INFO - 处理测试数据...
2025-06-22 20:02:27 - data_processor - INFO - 删除缺失值后，test数据集从2行减少到2行
2025-06-22 20:02:27 - data_processor - INFO - 过滤序列长度后，test数据集从2行减少到2行
2025-06-22 20:02:27 - data_processor - INFO - 提取TCR-Pep数据...
2025-06-22 20:02:27 - data_processor - INFO - 保存TCR-Pep数据...
2025-06-22 20:02:27 - data_processor - INFO - 
TCR-Pep数据统计信息:
2025-06-22 20:02:27 - data_processor - INFO - 训练集: 4样本，正例比例: 0.5000
2025-06-22 20:02:27 - data_processor - INFO - 验证集: 2样本，正例比例: 0.5000
2025-06-22 20:02:27 - data_processor - INFO - 测试集: 2样本，正例比例: 0.5000
2025-06-22 20:02:27 - data_processor - INFO - 数据处理完成！
2025-06-22 20:02:37 - data_processor - INFO - 使用默认配置...
2025-06-22 20:02:37 - data_processor - INFO - 开始预处理hla_pep数据...
2025-06-22 20:02:37 - data_processor - INFO - 加载阳性数据: 1个文件
2025-06-22 20:02:37 - data_processor - INFO - 阳性数据大小: (5, 3)
2025-06-22 20:02:37 - data_processor - INFO - 加载阴性数据: 1个文件
2025-06-22 20:02:37 - data_processor - INFO - 阴性数据大小: (10, 3)
2025-06-22 20:02:37 - data_processor - INFO - 检查阳性数据格式...
2025-06-22 20:02:37 - data_processor - WARNING - 行5的肽段序列格式无效: YLQPRTFLL 
2025-06-22 20:02:37 - data_processor - INFO - 阳性数据中发现1行格式错误
2025-06-22 20:02:37 - data_processor - INFO - 检查阴性数据格式...
2025-06-22 20:02:37 - data_processor - WARNING - 行10的肽段序列格式无效: KLVALGINAV 
2025-06-22 20:02:37 - data_processor - INFO - 阴性数据中发现1行格式错误
2025-06-22 20:02:37 - data_processor - INFO - 调整阴性样本数量: 从9减少到4 (比例: 1.0)
2025-06-22 20:02:37 - data_processor - INFO - 合并后的数据大小: (8, 3)
2025-06-22 20:02:37 - data_processor - INFO - 加载HLA序列数据: data/raw/hla_pep\hla_sequences.csv
2025-06-22 20:02:37 - data_processor - INFO - 合并HLA序列信息...
2025-06-22 20:02:37 - data_processor - INFO - 处理训练数据...
2025-06-22 20:02:37 - data_processor - INFO - 为train数据集添加HLA序列...
2025-06-22 20:02:37 - data_processor - INFO - 删除缺失值后，train数据集从4行减少到4行
2025-06-22 20:02:37 - data_processor - INFO - 过滤序列长度后，train数据集从4行减少到0行
2025-06-22 20:02:37 - data_processor - INFO - 处理验证数据...
2025-06-22 20:02:37 - data_processor - INFO - 为val数据集添加HLA序列...
2025-06-22 20:02:37 - data_processor - INFO - 删除缺失值后，val数据集从2行减少到2行
2025-06-22 20:02:37 - data_processor - INFO - 过滤序列长度后，val数据集从2行减少到0行
2025-06-22 20:02:37 - data_processor - INFO - 处理测试数据...
2025-06-22 20:02:37 - data_processor - INFO - 为test数据集添加HLA序列...
2025-06-22 20:02:37 - data_processor - INFO - 删除缺失值后，test数据集从2行减少到2行
2025-06-22 20:02:37 - data_processor - INFO - 过滤序列长度后，test数据集从2行减少到0行
2025-06-22 20:02:37 - data_processor - INFO - 提取HLA-Pep数据...
2025-06-22 20:02:37 - data_processor - INFO - 保存HLA-Pep数据...
2025-06-22 20:02:37 - data_processor - INFO - 
HLA-Pep数据统计信息:
2025-06-22 20:02:37 - data_processor - INFO - 训练集: 0样本，正例比例: nan
2025-06-22 20:02:37 - data_processor - INFO - 验证集: 0样本，正例比例: nan
2025-06-22 20:02:37 - data_processor - INFO - 测试集: 0样本，正例比例: nan
2025-06-22 20:02:37 - data_processor - INFO - 数据处理完成！
2025-06-22 20:02:48 - data_processor - INFO - 使用默认配置...
2025-06-22 20:02:48 - data_processor - INFO - 开始预处理trimer数据...
2025-06-22 20:02:48 - data_processor - INFO - 加载阳性数据: 1个文件
2025-06-22 20:02:48 - data_processor - INFO - 阳性数据大小: (5, 4)
2025-06-22 20:02:48 - data_processor - INFO - 加载阴性数据: 1个文件
2025-06-22 20:02:48 - data_processor - INFO - 阴性数据大小: (5, 4)
2025-06-22 20:02:48 - data_processor - INFO - 检查阳性数据格式...
2025-06-22 20:02:48 - data_processor - WARNING - 行5的肽段序列格式无效: YLQPRTFLL 
2025-06-22 20:02:48 - data_processor - INFO - 阳性数据中发现1行格式错误
2025-06-22 20:02:48 - data_processor - INFO - 检查阴性数据格式...
2025-06-22 20:02:48 - data_processor - WARNING - 行5的肽段序列格式无效: YLQPRTFLL 
2025-06-22 20:02:48 - data_processor - INFO - 阴性数据中发现1行格式错误
2025-06-22 20:02:48 - data_processor - WARNING - 阴性样本数量(4)少于目标数量(4)
2025-06-22 20:02:48 - data_processor - INFO - 合并后的数据大小: (8, 4)
2025-06-22 20:02:48 - data_processor - INFO - 加载HLA序列数据: data/raw/trimer\hla_sequences.csv
2025-06-22 20:02:48 - data_processor - INFO - 处理简化的三元模型数据...
2025-06-22 20:02:48 - data_processor - INFO - 保存Trimer数据...
2025-06-22 20:02:48 - data_processor - INFO - 合并HLA序列信息...
2025-06-22 20:02:48 - data_processor - INFO - 保存HLA序列数据...
2025-06-22 20:02:48 - data_processor - INFO - 
数据统计信息:
2025-06-22 20:02:48 - data_processor - INFO - TCR-HLA-Pep训练集: 4样本，正例比例: 0.5000
2025-06-22 20:02:48 - data_processor - INFO - TCR-HLA-Pep验证集: 2样本，正例比例: 0.5000
2025-06-22 20:02:48 - data_processor - INFO - TCR-HLA-Pep测试集: 2样本，正例比例: 0.5000
2025-06-22 20:02:48 - data_processor - INFO - 数据处理完成！
