2025-06-19 14:59:52 - preprocess - INFO - 从configs/default_config.yaml加载配置...
2025-06-19 14:59:52 - preprocess - INFO - 开始处理tcr_pep数据...
2025-06-19 14:59:52 - preprocess - INFO - 加载tcr_pep数据（二元模型）...
2025-06-19 14:59:52 - preprocess - INFO - 处理tcr_pep数据并保存到test_output...
2025-06-19 14:59:52 - preprocess - ERROR - 处理tcr_pep数据失败: 'NoneType' object is not subscriptable
2025-06-19 14:59:58 - preprocess - INFO - 从configs/default_config.yaml加载配置...
2025-06-19 14:59:58 - preprocess - INFO - 开始处理tcr_pep数据...
2025-06-19 14:59:58 - preprocess - INFO - 加载tcr_pep数据（二元模型）...
2025-06-19 14:59:58 - preprocess - INFO - 处理tcr_pep数据并保存到test_output...
2025-06-19 14:59:58 - preprocess - ERROR - 处理tcr_pep数据失败: 'NoneType' object is not subscriptable
2025-06-19 15:01:35 - preprocess - INFO - 从configs/default_config.yaml加载配置...
2025-06-19 15:01:35 - preprocess - INFO - 开始处理tcr_pep数据...
2025-06-19 15:01:35 - preprocess - INFO - 加载tcr_pep数据（二元模型）...
2025-06-19 15:01:35 - preprocess - INFO - 处理tcr_pep数据并保存到test_output...
2025-06-19 15:01:35 - preprocess - INFO - 数据预处理完成！
2025-06-22 19:19:00 - preprocess - INFO - 从configs/default_config.yaml加载配置...
2025-06-22 19:19:00 - preprocess - INFO - 开始处理trimer数据...
2025-06-22 19:19:00 - preprocess - INFO - 加载三元模型数据...
2025-06-22 19:19:00 - preprocess - ERROR - 处理三元模型数据失败: 找不到TCR-Pep数据目录: test_data/trimer\tcr_pep
2025-06-22 19:24:14 - preprocess - INFO - 从configs/default_config.yaml加载配置...
2025-06-22 19:24:14 - preprocess - INFO - 开始处理trimer数据...
2025-06-22 19:24:14 - preprocess - INFO - 加载三元模型数据...
2025-06-22 19:24:14 - preprocess - INFO - 检测到简化的trimer目录结构，直接加载trimer数据...
2025-06-22 19:24:14 - preprocess - INFO - 处理三元模型数据并保存到data/processed/trimer...
2025-06-22 19:24:14 - preprocess - INFO - 数据预处理完成！
2025-06-22 19:29:02 - preprocess - INFO - 从configs/default_config.yaml加载配置...
2025-06-22 19:29:02 - preprocess - INFO - 开始处理trimer数据...
2025-06-22 19:29:02 - preprocess - INFO - 加载三元模型数据...
2025-06-22 19:29:02 - preprocess - INFO - 检测到简化的trimer目录结构，直接加载trimer数据...
2025-06-22 19:29:02 - preprocess - INFO - 处理三元模型数据并保存到data/processed/trimer...
2025-06-22 19:29:02 - preprocess - INFO - 数据预处理完成！
